Determining if the pthread_create exist failed with the following output:
Change Dir: /home/ashkan/Aura_hex/src/aura/cmake-build-debug/CMakeFiles/CMakeTmp

Run Build Command:"/usr/bin/make" "cmTC_c82ee/fast"
/usr/bin/make -f CMakeFiles/cmTC_c82ee.dir/build.make CMakeFiles/cmTC_c82ee.dir/build
make[1]: Entering directory '/home/ashkan/Aura_hex/src/aura/cmake-build-debug/CMakeFiles/CMakeTmp'
Building C object CMakeFiles/cmTC_c82ee.dir/CheckSymbolExists.c.o
/usr/bin/cc    -o CMakeFiles/cmTC_c82ee.dir/CheckSymbolExists.c.o   -c /home/ashkan/Aura_hex/src/aura/cmake-build-debug/CMakeFiles/CMakeTmp/CheckSymbolExists.c
Linking C executable cmTC_c82ee
/home/ashkan/clion-2018.2.5/bin/cmake/linux/bin/cmake -E cmake_link_script CMakeFiles/cmTC_c82ee.dir/link.txt --verbose=1
/usr/bin/cc      -rdynamic CMakeFiles/cmTC_c82ee.dir/CheckSymbolExists.c.o  -o cmTC_c82ee 
CMakeFiles/cmTC_c82ee.dir/CheckSymbolExists.c.o: In function `main':
CheckSymbolExists.c:(.text+0x16): undefined reference to `pthread_create'
collect2: error: ld returned 1 exit status
CMakeFiles/cmTC_c82ee.dir/build.make:86: recipe for target 'cmTC_c82ee' failed
make[1]: *** [cmTC_c82ee] Error 1
make[1]: Leaving directory '/home/ashkan/Aura_hex/src/aura/cmake-build-debug/CMakeFiles/CMakeTmp'
Makefile:121: recipe for target 'cmTC_c82ee/fast' failed
make: *** [cmTC_c82ee/fast] Error 2

File /home/ashkan/Aura_hex/src/aura/cmake-build-debug/CMakeFiles/CMakeTmp/CheckSymbolExists.c:
/* */
#include <pthread.h>

int main(int argc, char** argv)
{
  (void)argv;
#ifndef pthread_create
  return ((int*)(&pthread_create))[argc];
#else
  (void)argc;
  return 0;
#endif
}

Determining if the function pthread_create exists in the pthreads failed with the following output:
Change Dir: /home/ashkan/Aura_hex/src/aura/cmake-build-debug/CMakeFiles/CMakeTmp

Run Build Command:"/usr/bin/make" "cmTC_77124/fast"
/usr/bin/make -f CMakeFiles/cmTC_77124.dir/build.make CMakeFiles/cmTC_77124.dir/build
make[1]: Entering directory '/home/ashkan/Aura_hex/src/aura/cmake-build-debug/CMakeFiles/CMakeTmp'
Building C object CMakeFiles/cmTC_77124.dir/CheckFunctionExists.c.o
/usr/bin/cc   -DCHECK_FUNCTION_EXISTS=pthread_create   -o CMakeFiles/cmTC_77124.dir/CheckFunctionExists.c.o   -c /home/ashkan/clion-2018.2.5/bin/cmake/linux/share/cmake-3.12/Modules/CheckFunctionExists.c
Linking C executable cmTC_77124
/home/ashkan/clion-2018.2.5/bin/cmake/linux/bin/cmake -E cmake_link_script CMakeFiles/cmTC_77124.dir/link.txt --verbose=1
/usr/bin/cc  -DCHECK_FUNCTION_EXISTS=pthread_create    -rdynamic CMakeFiles/cmTC_77124.dir/CheckFunctionExists.c.o  -o cmTC_77124 -lpthreads 
/usr/bin/ld: cannot find -lpthreads
collect2: error: ld returned 1 exit status
CMakeFiles/cmTC_77124.dir/build.make:86: recipe for target 'cmTC_77124' failed
make[1]: *** [cmTC_77124] Error 1
make[1]: Leaving directory '/home/ashkan/Aura_hex/src/aura/cmake-build-debug/CMakeFiles/CMakeTmp'
Makefile:121: recipe for target 'cmTC_77124/fast' failed
make: *** [cmTC_77124/fast] Error 2


